[2018-01-18 13:26:10] production.ERROR: exception 'ErrorException' with message 'Trying to get property of non-object' in /var/www/1studio_clone/app/controllers/ChannelsController.php:17
Stack trace:
#0 /var/www/1studio_clone/app/controllers/ChannelsController.php(17): Illuminate\Exception\Handler->handleError(8, 'Trying to get p...', '/var/www/1studi...', 17, Array)
#1 [internal function]: ChannelsController->channels()
#2 /var/www/1studio_clone/vendor/laravel/framework/src/Illuminate/Routing/Controller.php(231): call_user_func_array(Array, Array)
#3 /var/www/1studio_clone/vendor/laravel/framework/src/Illuminate/Routing/ControllerDispatcher.php(93): Illuminate\Routing\Controller->callAction('channels', Array)
#4 /var/www/1studio_clone/vendor/laravel/framework/src/Illuminate/Routing/ControllerDispatcher.php(62): Illuminate\Routing\ControllerDispatcher->call(Object(ChannelsController), Object(Illuminate\Routing\Route), 'channels')
#5 /var/www/1studio_clone/vendor/laravel/framework/src/Illuminate/Routing/Router.php(967): Illuminate\Routing\ControllerDispatcher->dispatch(Object(Illuminate\Routing\Route), Object(Illuminate\Http\Request), 'ChannelsControl...', 'channels')
#6 [internal function]: Illuminate\Routing\Router->Illuminate\Routing\{closure}()
#7 /var/www/1studio_clone/vendor/laravel/framework/src/Illuminate/Routing/Route.php(109): call_user_func_array(Object(Closure), Array)
#8 /var/www/1studio_clone/vendor/laravel/framework/src/Illuminate/Routing/Router.php(1033): Illuminate\Routing\Route->run(Object(Illuminate\Http\Request))
#9 /var/www/1studio_clone/vendor/laravel/framework/src/Illuminate/Routing/Router.php(1001): Illuminate\Routing\Router->dispatchToRoute(Object(Illuminate\Http\Request))
#10 /var/www/1studio_clone/vendor/laravel/framework/src/Illuminate/Foundation/Application.php(781): Illuminate\Routing\Router->dispatch(Object(Illuminate\Http\Request))
#11 /var/www/1studio_clone/vendor/laravel/framework/src/Illuminate/Foundation/Application.php(745): Illuminate\Foundation\Application->dispatch(Object(Illuminate\Http\Request))
#12 /var/www/1studio_clone/vendor/laravel/framework/src/Illuminate/Session/Middleware.php(72): Illuminate\Foundation\Application->handle(Object(Illuminate\Http\Request), 1, true)
#13 /var/www/1studio_clone/vendor/laravel/framework/src/Illuminate/Cookie/Queue.php(47): Illuminate\Session\Middleware->handle(Object(Illuminate\Http\Request), 1, true)
#14 /var/www/1studio_clone/vendor/laravel/framework/src/Illuminate/Cookie/Guard.php(51): Illuminate\Cookie\Queue->handle(Object(Illuminate\Http\Request), 1, true)
#15 /var/www/1studio_clone/vendor/stack/builder/src/Stack/StackedHttpKernel.php(23): Illuminate\Cookie\Guard->handle(Object(Illuminate\Http\Request), 1, true)
#16 /var/www/1studio_clone/vendor/laravel/framework/src/Illuminate/Foundation/Application.php(641): Stack\StackedHttpKernel->handle(Object(Illuminate\Http\Request))
#17 /var/www/1studio_clone/public/index.php(52): Illuminate\Foundation\Application->run()
#18 {main} [] []
[2018-01-18 13:27:27] production.ERROR: exception 'ErrorException' with message 'Trying to get property of non-object' in /var/www/1studio_clone/app/controllers/ChannelsController.php:17
Stack trace:
#0 /var/www/1studio_clone/app/controllers/ChannelsController.php(17): Illuminate\Exception\Handler->handleError(8, 'Trying to get p...', '/var/www/1studi...', 17, Array)
#1 [internal function]: ChannelsController->channels()
#2 /var/www/1studio_clone/vendor/laravel/framework/src/Illuminate/Routing/Controller.php(231): call_user_func_array(Array, Array)
#3 /var/www/1studio_clone/vendor/laravel/framework/src/Illuminate/Routing/ControllerDispatcher.php(93): Illuminate\Routing\Controller->callAction('channels', Array)
#4 /var/www/1studio_clone/vendor/laravel/framework/src/Illuminate/Routing/ControllerDispatcher.php(62): Illuminate\Routing\ControllerDispatcher->call(Object(ChannelsController), Object(Illuminate\Routing\Route), 'channels')
#5 /var/www/1studio_clone/vendor/laravel/framework/src/Illuminate/Routing/Router.php(967): Illuminate\Routing\ControllerDispatcher->dispatch(Object(Illuminate\Routing\Route), Object(Illuminate\Http\Request), 'ChannelsControl...', 'channels')
#6 [internal function]: Illuminate\Routing\Router->Illuminate\Routing\{closure}()
#7 /var/www/1studio_clone/vendor/laravel/framework/src/Illuminate/Routing/Route.php(109): call_user_func_array(Object(Closure), Array)
#8 /var/www/1studio_clone/vendor/laravel/framework/src/Illuminate/Routing/Router.php(1033): Illuminate\Routing\Route->run(Object(Illuminate\Http\Request))
#9 /var/www/1studio_clone/vendor/laravel/framework/src/Illuminate/Routing/Router.php(1001): Illuminate\Routing\Router->dispatchToRoute(Object(Illuminate\Http\Request))
#10 /var/www/1studio_clone/vendor/laravel/framework/src/Illuminate/Foundation/Application.php(781): Illuminate\Routing\Router->dispatch(Object(Illuminate\Http\Request))
#11 /var/www/1studio_clone/vendor/laravel/framework/src/Illuminate/Foundation/Application.php(745): Illuminate\Foundation\Application->dispatch(Object(Illuminate\Http\Request))
#12 /var/www/1studio_clone/vendor/laravel/framework/src/Illuminate/Session/Middleware.php(72): Illuminate\Foundation\Application->handle(Object(Illuminate\Http\Request), 1, true)
#13 /var/www/1studio_clone/vendor/laravel/framework/src/Illuminate/Cookie/Queue.php(47): Illuminate\Session\Middleware->handle(Object(Illuminate\Http\Request), 1, true)
#14 /var/www/1studio_clone/vendor/laravel/framework/src/Illuminate/Cookie/Guard.php(51): Illuminate\Cookie\Queue->handle(Object(Illuminate\Http\Request), 1, true)
#15 /var/www/1studio_clone/vendor/stack/builder/src/Stack/StackedHttpKernel.php(23): Illuminate\Cookie\Guard->handle(Object(Illuminate\Http\Request), 1, true)
#16 /var/www/1studio_clone/vendor/laravel/framework/src/Illuminate/Foundation/Application.php(641): Stack\StackedHttpKernel->handle(Object(Illuminate\Http\Request))
#17 /var/www/1studio_clone/public/index.php(52): Illuminate\Foundation\Application->run()
#18 {main} [] []
[2018-01-18 13:28:56] production.ERROR: exception 'ErrorException' with message 'Trying to get property of non-object' in /var/www/1studio_clone/app/controllers/AdminController.php:78
Stack trace:
#0 /var/www/1studio_clone/app/controllers/AdminController.php(78): Illuminate\Exception\Handler->handleError(8, 'Trying to get p...', '/var/www/1studi...', 78, Array)
#1 [internal function]: AdminController->users()
#2 /var/www/1studio_clone/vendor/laravel/framework/src/Illuminate/Routing/Controller.php(231): call_user_func_array(Array, Array)
#3 /var/www/1studio_clone/vendor/laravel/framework/src/Illuminate/Routing/ControllerDispatcher.php(93): Illuminate\Routing\Controller->callAction('users', Array)
#4 /var/www/1studio_clone/vendor/laravel/framework/src/Illuminate/Routing/ControllerDispatcher.php(62): Illuminate\Routing\ControllerDispatcher->call(Object(AdminController), Object(Illuminate\Routing\Route), 'users')
#5 /var/www/1studio_clone/vendor/laravel/framework/src/Illuminate/Routing/Router.php(967): Illuminate\Routing\ControllerDispatcher->dispatch(Object(Illuminate\Routing\Route), Object(Illuminate\Http\Request), 'AdminController', 'users')
#6 [internal function]: Illuminate\Routing\Router->Illuminate\Routing\{closure}()
#7 /var/www/1studio_clone/vendor/laravel/framework/src/Illuminate/Routing/Route.php(109): call_user_func_array(Object(Closure), Array)
#8 /var/www/1studio_clone/vendor/laravel/framework/src/Illuminate/Routing/Router.php(1033): Illuminate\Routing\Route->run(Object(Illuminate\Http\Request))
#9 /var/www/1studio_clone/vendor/laravel/framework/src/Illuminate/Routing/Router.php(1001): Illuminate\Routing\Router->dispatchToRoute(Object(Illuminate\Http\Request))
#10 /var/www/1studio_clone/vendor/laravel/framework/src/Illuminate/Foundation/Application.php(781): Illuminate\Routing\Router->dispatch(Object(Illuminate\Http\Request))
#11 /var/www/1studio_clone/vendor/laravel/framework/src/Illuminate/Foundation/Application.php(745): Illuminate\Foundation\Application->dispatch(Object(Illuminate\Http\Request))
#12 /var/www/1studio_clone/vendor/laravel/framework/src/Illuminate/Session/Middleware.php(72): Illuminate\Foundation\Application->handle(Object(Illuminate\Http\Request), 1, true)
#13 /var/www/1studio_clone/vendor/laravel/framework/src/Illuminate/Cookie/Queue.php(47): Illuminate\Session\Middleware->handle(Object(Illuminate\Http\Request), 1, true)
#14 /var/www/1studio_clone/vendor/laravel/framework/src/Illuminate/Cookie/Guard.php(51): Illuminate\Cookie\Queue->handle(Object(Illuminate\Http\Request), 1, true)
#15 /var/www/1studio_clone/vendor/stack/builder/src/Stack/StackedHttpKernel.php(23): Illuminate\Cookie\Guard->handle(Object(Illuminate\Http\Request), 1, true)
#16 /var/www/1studio_clone/vendor/laravel/framework/src/Illuminate/Foundation/Application.php(641): Stack\StackedHttpKernel->handle(Object(Illuminate\Http\Request))
#17 /var/www/1studio_clone/public/index.php(52): Illuminate\Foundation\Application->run()
#18 {main} [] []
[2018-01-18 13:29:00] production.ERROR: exception 'ErrorException' with message 'Trying to get property of non-object' in /var/www/1studio_clone/app/controllers/AdminController.php:78
Stack trace:
#0 /var/www/1studio_clone/app/controllers/AdminController.php(78): Illuminate\Exception\Handler->handleError(8, 'Trying to get p...', '/var/www/1studi...', 78, Array)
#1 [internal function]: AdminController->users()
#2 /var/www/1studio_clone/vendor/laravel/framework/src/Illuminate/Routing/Controller.php(231): call_user_func_array(Array, Array)
#3 /var/www/1studio_clone/vendor/laravel/framework/src/Illuminate/Routing/ControllerDispatcher.php(93): Illuminate\Routing\Controller->callAction('users', Array)
#4 /var/www/1studio_clone/vendor/laravel/framework/src/Illuminate/Routing/ControllerDispatcher.php(62): Illuminate\Routing\ControllerDispatcher->call(Object(AdminController), Object(Illuminate\Routing\Route), 'users')
#5 /var/www/1studio_clone/vendor/laravel/framework/src/Illuminate/Routing/Router.php(967): Illuminate\Routing\ControllerDispatcher->dispatch(Object(Illuminate\Routing\Route), Object(Illuminate\Http\Request), 'AdminController', 'users')
#6 [internal function]: Illuminate\Routing\Router->Illuminate\Routing\{closure}()
#7 /var/www/1studio_clone/vendor/laravel/framework/src/Illuminate/Routing/Route.php(109): call_user_func_array(Object(Closure), Array)
#8 /var/www/1studio_clone/vendor/laravel/framework/src/Illuminate/Routing/Router.php(1033): Illuminate\Routing\Route->run(Object(Illuminate\Http\Request))
#9 /var/www/1studio_clone/vendor/laravel/framework/src/Illuminate/Routing/Router.php(1001): Illuminate\Routing\Router->dispatchToRoute(Object(Illuminate\Http\Request))
#10 /var/www/1studio_clone/vendor/laravel/framework/src/Illuminate/Foundation/Application.php(781): Illuminate\Routing\Router->dispatch(Object(Illuminate\Http\Request))
#11 /var/www/1studio_clone/vendor/laravel/framework/src/Illuminate/Foundation/Application.php(745): Illuminate\Foundation\Application->dispatch(Object(Illuminate\Http\Request))
#12 /var/www/1studio_clone/vendor/laravel/framework/src/Illuminate/Session/Middleware.php(72): Illuminate\Foundation\Application->handle(Object(Illuminate\Http\Request), 1, true)
#13 /var/www/1studio_clone/vendor/laravel/framework/src/Illuminate/Cookie/Queue.php(47): Illuminate\Session\Middleware->handle(Object(Illuminate\Http\Request), 1, true)
#14 /var/www/1studio_clone/vendor/laravel/framework/src/Illuminate/Cookie/Guard.php(51): Illuminate\Cookie\Queue->handle(Object(Illuminate\Http\Request), 1, true)
#15 /var/www/1studio_clone/vendor/stack/builder/src/Stack/StackedHttpKernel.php(23): Illuminate\Cookie\Guard->handle(Object(Illuminate\Http\Request), 1, true)
#16 /var/www/1studio_clone/vendor/laravel/framework/src/Illuminate/Foundation/Application.php(641): Stack\StackedHttpKernel->handle(Object(Illuminate\Http\Request))
#17 /var/www/1studio_clone/public/index.php(52): Illuminate\Foundation\Application->run()
#18 {main} [] []
[2018-01-18 13:29:05] production.ERROR: exception 'ErrorException' with message 'Trying to get property of non-object' in /var/www/1studio_clone/app/controllers/AdminController.php:78
Stack trace:
#0 /var/www/1studio_clone/app/controllers/AdminController.php(78): Illuminate\Exception\Handler->handleError(8, 'Trying to get p...', '/var/www/1studi...', 78, Array)
#1 [internal function]: AdminController->users()
#2 /var/www/1studio_clone/vendor/laravel/framework/src/Illuminate/Routing/Controller.php(231): call_user_func_array(Array, Array)
#3 /var/www/1studio_clone/vendor/laravel/framework/src/Illuminate/Routing/ControllerDispatcher.php(93): Illuminate\Routing\Controller->callAction('users', Array)
#4 /var/www/1studio_clone/vendor/laravel/framework/src/Illuminate/Routing/ControllerDispatcher.php(62): Illuminate\Routing\ControllerDispatcher->call(Object(AdminController), Object(Illuminate\Routing\Route), 'users')
#5 /var/www/1studio_clone/vendor/laravel/framework/src/Illuminate/Routing/Router.php(967): Illuminate\Routing\ControllerDispatcher->dispatch(Object(Illuminate\Routing\Route), Object(Illuminate\Http\Request), 'AdminController', 'users')
#6 [internal function]: Illuminate\Routing\Router->Illuminate\Routing\{closure}()
#7 /var/www/1studio_clone/vendor/laravel/framework/src/Illuminate/Routing/Route.php(109): call_user_func_array(Object(Closure), Array)
#8 /var/www/1studio_clone/vendor/laravel/framework/src/Illuminate/Routing/Router.php(1033): Illuminate\Routing\Route->run(Object(Illuminate\Http\Request))
#9 /var/www/1studio_clone/vendor/laravel/framework/src/Illuminate/Routing/Router.php(1001): Illuminate\Routing\Router->dispatchToRoute(Object(Illuminate\Http\Request))
#10 /var/www/1studio_clone/vendor/laravel/framework/src/Illuminate/Foundation/Application.php(781): Illuminate\Routing\Router->dispatch(Object(Illuminate\Http\Request))
#11 /var/www/1studio_clone/vendor/laravel/framework/src/Illuminate/Foundation/Application.php(745): Illuminate\Foundation\Application->dispatch(Object(Illuminate\Http\Request))
#12 /var/www/1studio_clone/vendor/laravel/framework/src/Illuminate/Session/Middleware.php(72): Illuminate\Foundation\Application->handle(Object(Illuminate\Http\Request), 1, true)
#13 /var/www/1studio_clone/vendor/laravel/framework/src/Illuminate/Cookie/Queue.php(47): Illuminate\Session\Middleware->handle(Object(Illuminate\Http\Request), 1, true)
#14 /var/www/1studio_clone/vendor/laravel/framework/src/Illuminate/Cookie/Guard.php(51): Illuminate\Cookie\Queue->handle(Object(Illuminate\Http\Request), 1, true)
#15 /var/www/1studio_clone/vendor/stack/builder/src/Stack/StackedHttpKernel.php(23): Illuminate\Cookie\Guard->handle(Object(Illuminate\Http\Request), 1, true)
#16 /var/www/1studio_clone/vendor/laravel/framework/src/Illuminate/Foundation/Application.php(641): Stack\StackedHttpKernel->handle(Object(Illuminate\Http\Request))
#17 /var/www/1studio_clone/public/index.php(52): Illuminate\Foundation\Application->run()
#18 {main} [] []
